0 info it worked if it ends with ok
1 verbose cli [ '/usr/bin/nodejs', '/usr/bin/npm', 'init' ]
2 info using npm@3.5.2
3 info using node@v4.2.6
4 verbose config Skipping project config: /home/francllin/.npmrc. (matches userconfig)
5 verbose stack Error: Cannot find module 'npm-autoinit/autoinit'
5 verbose stack     at Function.Module._resolveFilename (module.js:326:15)
5 verbose stack     at Function.Module._load (module.js:277:25)
5 verbose stack     at Module.require (module.js:354:17)
5 verbose stack     at require (internal/module.js:12:17)
5 verbose stack     at cb (/usr/share/npm/lib/npm.js:290:9)
5 verbose stack     at /usr/share/npm/lib/npm.js:386:16
5 verbose stack     at /usr/share/npm/lib/config/core.js:80:7
5 verbose stack     at Array.forEach (native)
5 verbose stack     at /usr/share/npm/lib/config/core.js:79:13
5 verbose stack     at f (/usr/share/npm/node_modules/once/once.js:17:25)
6 verbose cwd /home/francllin/Documentos/Kards10
7 error Linux 4.4.0-57-generic
8 error argv "/usr/bin/nodejs" "/usr/bin/npm" "init"
9 error node v4.2.6
10 error npm  v3.5.2
11 error code MODULE_NOT_FOUND
12 error Cannot find module 'npm-autoinit/autoinit'
13 error If you need help, you may report this error at:
13 error     <https://github.com/npm/npm/issues>
14 verbose exit [ 1, true ]
